D, [2014-02-17T03:10:59.598976 #24348] DEBUG -- :   [1m[36m (8.7ms)[0m  [1mCREATE TABLE "schema_migrations" ("version" varchar(255) NOT NULL) [0m
D, [2014-02-17T03:10:59.604265 #24348] DEBUG -- :   [1m[35m (4.5ms)[0m  CREATE UNIQUE INDEX "unique_schema_migrations" ON "schema_migrations" ("version")
D, [2014-02-17T03:10:59.605527 #24348] DEBUG -- :   [1m[36mActiveRecord::SchemaMigration Load (0.3ms)[0m  [1mSELECT "schema_migrations".* FROM "schema_migrations"[0m
I, [2014-02-17T03:10:59.605668 #24348]  INFO -- : Migrating to CreateMiruenerecords (1)
D, [2014-02-17T03:12:07.527472 #24397] DEBUG -- :   [1m[36mActiveRecord::SchemaMigration Load (1.0ms)[0m  [1mSELECT "schema_migrations".* FROM "schema_migrations"[0m
I, [2014-02-17T03:12:07.527667 #24397]  INFO -- : Migrating to CreateMiruenerecords (1)
D, [2014-02-17T03:12:32.853592 #24436] DEBUG -- :   [1m[36mActiveRecord::SchemaMigration Load (0.2ms)[0m  [1mSELECT "schema_migrations".* FROM "schema_migrations"[0m
I, [2014-02-17T03:12:32.853825 #24436]  INFO -- : Migrating to CreateMiruenerecords (1)
D, [2014-02-17T03:15:26.329107 #24495] DEBUG -- :   [1m[36mActiveRecord::SchemaMigration Load (0.5ms)[0m  [1mSELECT "schema_migrations".* FROM "schema_migrations"[0m
I, [2014-02-17T03:15:26.329999 #24495]  INFO -- : Migrating to CreateMiruenerecords (1)
D, [2014-02-17T03:16:00.737606 #24535] DEBUG -- :   [1m[36mActiveRecord::SchemaMigration Load (0.2ms)[0m  [1mSELECT "schema_migrations".* FROM "schema_migrations"[0m
I, [2014-02-17T03:16:00.737840 #24535]  INFO -- : Migrating to CreateMiruenerecords (1)
D, [2014-02-17T03:17:51.307613 #24550] DEBUG -- :   [1m[36mActiveRecord::SchemaMigration Load (0.2ms)[0m  [1mSELECT "schema_migrations".* FROM "schema_migrations"[0m
I, [2014-02-17T03:17:51.307788 #24550]  INFO -- : Migrating to CreateMiruenerecords (1)
D, [2014-02-17T03:19:28.976955 #24581] DEBUG -- :   [1m[36mActiveRecord::SchemaMigration Load (0.2ms)[0m  [1mSELECT "schema_migrations".* FROM "schema_migrations"[0m
I, [2014-02-17T03:19:28.977128 #24581]  INFO -- : Migrating to CreateMirueneRecords (1)
D, [2014-02-17T03:22:05.265085 #24599] DEBUG -- :   [1m[36mActiveRecord::SchemaMigration Load (0.7ms)[0m  [1mSELECT "schema_migrations".* FROM "schema_migrations"[0m
I, [2014-02-17T03:22:05.266408 #24599]  INFO -- : Migrating to CreateMirueneRecords (1)
D, [2014-02-17T03:24:32.407497 #24636] DEBUG -- :   [1m[36mActiveRecord::SchemaMigration Load (1.4ms)[0m  [1mSELECT "schema_migrations".* FROM "schema_migrations"[0m
I, [2014-02-17T03:24:32.408815 #24636]  INFO -- : Migrating to CreateTableMirueneRecords (1)
D, [2014-02-17T03:24:32.411770 #24636] DEBUG -- :   [1m[35m (1.2ms)[0m  begin transaction
D, [2014-02-17T03:24:32.447679 #24636] DEBUG -- :   [1m[36m (12.5ms)[0m  [1mCREATE TABLE "MirueneRecords" ("id" INTEGER PRIMARY KEY AUTOINCREMENT NOT NULL, "datetime" datetime, "energy" float, "created_at" datetime, "updated_at" datetime) [0m
D, [2014-02-17T03:24:32.514031 #24636] DEBUG -- :   [1m[35mSQL (4.9ms)[0m  INSERT INTO "schema_migrations" ("version") VALUES (?)  [["version", "1"]]
D, [2014-02-17T03:24:32.524098 #24636] DEBUG -- :   [1m[36m (9.5ms)[0m  [1mcommit transaction[0m
D, [2014-02-17T03:27:42.322654 #24711] DEBUG -- :   [1m[36m (18.6ms)[0m  [1mCREATE TABLE "schema_migrations" ("version" varchar(255) NOT NULL) [0m
D, [2014-02-17T03:27:42.330532 #24711] DEBUG -- :   [1m[35m (7.1ms)[0m  CREATE UNIQUE INDEX "unique_schema_migrations" ON "schema_migrations" ("version")
D, [2014-02-17T03:27:42.331825 #24711] DEBUG -- :   [1m[36mActiveRecord::SchemaMigration Load (0.2ms)[0m  [1mSELECT "schema_migrations".* FROM "schema_migrations"[0m
I, [2014-02-17T03:27:42.331955 #24711]  INFO -- : Migrating to CreateTableMirueneRecords (1)
D, [2014-02-17T03:27:42.332815 #24711] DEBUG -- :   [1m[35m (0.1ms)[0m  begin transaction
D, [2014-02-17T03:27:42.338421 #24711] DEBUG -- :   [1m[36m (0.6ms)[0m  [1mCREATE TABLE "miruene_records" ("id" INTEGER PRIMARY KEY AUTOINCREMENT NOT NULL, "datetime" datetime, "energy" float, "created_at" datetime, "updated_at" datetime) [0m
D, [2014-02-17T03:27:42.388882 #24711] DEBUG -- :   [1m[35mSQL (32.4ms)[0m  INSERT INTO "schema_migrations" ("version") VALUES (?)  [["version", "1"]]
D, [2014-02-17T03:27:42.411938 #24711] DEBUG -- :   [1m[36m (12.7ms)[0m  [1mcommit transaction[0m
